<?xml version="1.0" encoding="UTF-8"?>
<testng-results skipped="0" failed="0" ignored="0" total="1" passed="1">
  <reporter-output>
  </reporter-output>
  <suite name="Default suite" duration-ms="10293" started-at="2021-08-30T12:36:02Z" finished-at="2021-08-30T12:36:12Z">
    <groups>
    </groups>
    <test name="Default test" duration-ms="10293" started-at="2021-08-30T12:36:02Z" finished-at="2021-08-30T12:36:12Z">
      <class name="gitub.NewTest">
        <test-method status="PASS" signature="f()[pri:0, instance:gitub.NewTest@5034c75a]" name="f" duration-ms="10277" started-at="2021-08-30T18:06:02Z" finished-at="2021-08-30T18:06:12Z">
          <reporter-output>
          </reporter-output>
        </test-method> <!-- f -->
      </class> <!-- gitub.NewTest -->
    </test> <!-- Default test -->
  </suite> <!-- Default suite -->
</testng-results>
